# JRE version: OpenJDK Runtime Environment Temurin-17.0.14+7 (17.0.14+7) (build 17.0.14+7)
# Java VM: OpenJDK 64-Bit Server VM Temurin-17.0.14+7 (17.0.14+7, mixed mode, sharing, tiered, compressed oops, compressed class ptrs, g1 gc, windows-amd64)
GC Precious Log:
 CPUs: 12 total, 12 available
 Memory: 7381M
 Large Page Support: Disabled
 NUMA Support: Disabled
 Compressed Oops: Enabled (Zero based)
 Heap Region Size: 4M
 Heap Min Capacity: 8M
 Heap Initial Capacity: 116M
 Heap Max Capacity: 8G
 Pre-touch: Disabled
 Parallel Workers: 10
 Concurrent Workers: 3
 Concurrent Refinement Workers: 10
 Periodic GC: Disabled
Heap:
 garbage-first heap   total 135168K, used 72811K [0x0000000600000000, 0x0000000800000000)
  region size 4096K, 9 young (36864K), 2 survivors (8192K)
 Metaspace       used 51749K, committed 52416K, reserved 1114112K
  class space    used 7258K, committed 7552K, reserved 1048576K
GC Heap History (20 events):
Event: 5.608 GC heap before
{Heap before GC invocations=3 (full 0):
 garbage-first heap   total 118784K, used 74246K [0x0000000600000000, 0x0000000800000000)
  region size 4096K, 16 young (65536K), 2 survivors (8192K)
 Metaspace       used 15587K, committed 15872K, reserved 1114112K
  class space    used 2156K, committed 2304K, reserved 1048576K
}
Event: 5.616 GC heap after
{Heap after GC invocations=4 (full 0):
 garbage-first heap   total 118784K, used 21686K [0x0000000600000000, 0x0000000800000000)
  region size 4096K, 2 young (8192K), 2 survivors (8192K)
 Metaspace       used 15587K, committed 15872K, reserved 1114112K
  class space    used 2156K, committed 2304K, reserved 1048576K
}
Event: 6.975 GC heap before
{Heap before GC invocations=4 (full 0):
 garbage-first heap   total 118784K, used 62646K [0x0000000600000000, 0x0000000800000000)
  region size 4096K, 14 young (57344K), 2 survivors (8192K)
 Metaspace       used 21177K, committed 21504K, reserved 1114112K
  class space    used 3089K, committed 3264K, reserved 1048576K
}
Event: 6.981 GC heap after
{Heap after GC invocations=5 (full 0):
 garbage-first heap   total 118784K, used 24760K [0x0000000600000000, 0x0000000800000000)
  region size 4096K, 1 young (4096K), 1 survivors (4096K)
 Metaspace       used 21177K, committed 21504K, reserved 1114112K
  class space    used 3089K, committed 3264K, reserved 1048576K
}
Event: 8.288 GC heap before
{Heap before GC invocations=6 (full 0):
 garbage-first heap   total 110592K, used 78008K [0x0000000600000000, 0x0000000800000000)
  region size 4096K, 14 young (57344K), 1 survivors (4096K)
 Metaspace       used 27623K, committed 28032K, reserved 1114112K
  class space    used 4052K, committed 4224K, reserved 1048576K
}
Event: 8.292 GC heap after
{Heap after GC invocations=7 (full 0):
 garbage-first heap   total 110592K, used 28121K [0x0000000600000000, 0x0000000800000000)
  region size 4096K, 2 young (8192K), 2 survivors (8192K)
 Metaspace       used 27623K, committed 28032K, reserved 1114112K
  class space    used 4052K, committed 4224K, reserved 1048576K
}
Event: 8.407 GC heap before
{Heap before GC invocations=7 (full 0):
 garbage-first heap   total 110592K, used 32217K [0x0000000600000000, 0x0000000800000000)
  region size 4096K, 3 young (12288K), 2 survivors (8192K)
 Metaspace       used 28140K, committed 28544K, reserved 1114112K
  class space    used 4130K, committed 4288K, reserved 1048576K
}
Event: 8.412 GC heap after
{Heap after GC invocations=8 (full 0):
 garbage-first heap   total 110592K, used 28701K [0x0000000600000000, 0x0000000800000000)
  region size 4096K, 1 young (4096K), 1 survivors (4096K)
 Metaspace       used 28140K, committed 28544K, reserved 1114112K
  class space    used 4130K, committed 4288K, reserved 1048576K
}
Event: 9.291 GC heap before
{Heap before GC invocations=8 (full 0):
 garbage-first heap   total 110592K, used 73757K [0x0000000600000000, 0x0000000800000000)
  region size 4096K, 13 young (53248K), 1 survivors (4096K)
 Metaspace       used 33964K, committed 34496K, reserved 1114112K
  class space    used 4755K, committed 4992K, reserved 1048576K
}
Event: 9.295 GC heap after
{Heap after GC invocations=9 (full 0):
 garbage-first heap   total 135168K, used 32653K [0x0000000600000000, 0x0000000800000000)
  region size 4096K, 2 young (8192K), 2 survivors (8192K)
 Metaspace       used 33964K, committed 34496K, reserved 1114112K
  class space    used 4755K, committed 4992K, reserved 1048576K
}
Event: 9.537 GC heap before
{Heap before GC invocations=9 (full 0):
 garbage-first heap   total 135168K, used 40845K [0x0000000600000000, 0x0000000800000000)
  region size 4096K, 6 young (24576K), 2 survivors (8192K)
 Metaspace       used 35489K, committed 35968K, reserved 1114112K
  class space    used 4891K, committed 5120K, reserved 1048576K
}
Event: 9.541 GC heap after
{Heap after GC invocations=10 (full 0):
 garbage-first heap   total 135168K, used 33414K [0x0000000600000000, 0x0000000800000000)
  region size 4096K, 2 young (8192K), 2 survivors (8192K)
 Metaspace       used 35489K, committed 35968K, reserved 1114112K
  class space    used 4891K, committed 5120K, reserved 1048576K
}
Event: 10.636 GC heap before
{Heap before GC invocations=11 (full 0):
 garbage-first heap   total 135168K, used 90758K [0x0000000600000000, 0x0000000800000000)
  region size 4096K, 17 young (69632K), 2 survivors (8192K)
 Metaspace       used 39238K, committed 39808K, reserved 1114112K
  class space    used 5288K, committed 5568K, reserved 1048576K
}
Event: 10.642 GC heap after
{Heap after GC invocations=12 (full 0):
 garbage-first heap   total 135168K, used 37995K [0x0000000600000000, 0x0000000800000000)
  region size 4096K, 3 young (12288K), 3 survivors (12288K)
 Metaspace       used 39238K, committed 39808K, reserved 1114112K
  class space    used 5288K, committed 5568K, reserved 1048576K
}
Event: 11.881 GC heap before
{Heap before GC invocations=12 (full 0):
 garbage-first heap   total 135168K, used 95339K [0x0000000600000000, 0x0000000800000000)
  region size 4096K, 17 young (69632K), 3 survivors (12288K)
 Metaspace       used 43660K, committed 44352K, reserved 1114112K
  class space    used 6004K, committed 6336K, reserved 1048576K
}
Event: 11.890 GC heap after
{Heap after GC invocations=13 (full 0):
 garbage-first heap   total 135168K, used 39970K [0x0000000600000000, 0x0000000800000000)
  region size 4096K, 2 young (8192K), 2 survivors (8192K)
 Metaspace       used 43660K, committed 44352K, reserved 1114112K
  class space    used 6004K, committed 6336K, reserved 1048576K
}
Event: 13.322 GC heap before
{Heap before GC invocations=13 (full 0):
 garbage-first heap   total 135168K, used 97314K [0x0000000600000000, 0x0000000800000000)
  region size 4096K, 16 young (65536K), 2 survivors (8192K)
 Metaspace       used 47518K, committed 48192K, reserved 1114112K
  class space    used 6636K, committed 6976K, reserved 1048576K
}
Event: 13.329 GC heap after
{Heap after GC invocations=14 (full 0):
 garbage-first heap   total 135168K, used 43058K [0x0000000600000000, 0x0000000800000000)
  region size 4096K, 2 young (8192K), 2 survivors (8192K)
 Metaspace       used 47518K, committed 48192K, reserved 1114112K
  class space    used 6636K, committed 6976K, reserved 1048576K
}
Event: 15.689 GC heap before
{Heap before GC invocations=14 (full 0):
 garbage-first heap   total 135168K, used 96306K [0x0000000600000000, 0x0000000800000000)
  region size 4096K, 15 young (61440K), 2 survivors (8192K)
 Metaspace       used 50971K, committed 51648K, reserved 1114112K
  class space    used 7162K, committed 7488K, reserved 1048576K
}
Event: 15.698 GC heap after
{Heap after GC invocations=15 (full 0):
 garbage-first heap   total 135168K, used 48235K [0x0000000600000000, 0x0000000800000000)
  region size 4096K, 2 young (8192K), 2 survivors (8192K)
 Metaspace       used 50971K, committed 51648K, reserved 1114112K
  class space    used 7162K, committed 7488K, reserved 1048576K
}

