# JRE version: OpenJDK Runtime Environment Temurin-21.0.10+7 (21.0.10+7) (build 21.0.10+7-LTS)
# Java VM: OpenJDK 64-Bit Server VM Temurin-21.0.10+7 (21.0.10+7-LTS, mixed mode, sharing, tiered, compressed oops, compressed class ptrs, g1 gc, windows-amd64)
GC Precious Log:
 CardTable entry size: 512
 Card Set container configuration: InlinePtr #cards 4 size 8 Array Of Cards #cards 32 size 80 Howl #buckets 8 coarsen threshold 7372 Howl Bitmap #cards 1024 size 144 coarsen threshold 921 Card regions per heap region 1 cards per card region 8192
 CPUs: 12 total, 12 available
 Memory: 7381M
 Large Page Support: Disabled
 NUMA Support: Disabled
 Compressed Oops: Enabled (Zero based)
 Heap Region Size: 4M
 Heap Min Capacity: 8M
 Heap Initial Capacity: 116M
 Heap Max Capacity: 8G
 Pre-touch: Disabled
 Parallel Workers: 10
 Concurrent Workers: 3
 Concurrent Refinement Workers: 10
 Periodic GC: Disabled
Heap:
 garbage-first heap   total 307200K, used 196310K [0x0000000600000000, 0x0000000800000000)
  region size 4096K, 7 young (28672K), 2 survivors (8192K)
 Metaspace       used 111558K, committed 114048K, reserved 1179648K
  class space    used 15886K, committed 17088K, reserved 1048576K
GC Heap History (20 events):
Event: 55.663 GC heap before
{Heap before GC invocations=40 (full 0):
 garbage-first heap   total 200704K, used 183220K [0x0000000600000000, 0x0000000800000000)
  region size 4096K, 17 young (69632K), 2 survivors (8192K)
 Metaspace       used 103946K, committed 106304K, reserved 1179648K
  class space    used 14922K, committed 16064K, reserved 1048576K
}
Event: 55.669 GC heap after
{Heap after GC invocations=41 (full 0):
 garbage-first heap   total 200704K, used 123601K [0x0000000600000000, 0x0000000800000000)
  region size 4096K, 2 young (8192K), 2 survivors (8192K)
 Metaspace       used 103946K, committed 106304K, reserved 1179648K
  class space    used 14922K, committed 16064K, reserved 1048576K
}
Event: 56.629 GC heap before
{Heap before GC invocations=42 (full 0):
 garbage-first heap   total 221184K, used 172753K [0x0000000600000000, 0x0000000800000000)
  region size 4096K, 15 young (61440K), 2 survivors (8192K)
 Metaspace       used 107552K, committed 109952K, reserved 1179648K
  class space    used 15374K, committed 16576K, reserved 1048576K
}
Event: 56.634 GC heap after
{Heap after GC invocations=43 (full 0):
 garbage-first heap   total 221184K, used 126598K [0x0000000600000000, 0x0000000800000000)
  region size 4096K, 2 young (8192K), 2 survivors (8192K)
 Metaspace       used 107552K, committed 109952K, reserved 1179648K
  class space    used 15374K, committed 16576K, reserved 1048576K
}
Event: 62.745 GC heap before
{Heap before GC invocations=43 (full 0):
 garbage-first heap   total 221184K, used 200326K [0x0000000600000000, 0x0000000800000000)
  region size 4096K, 20 young (81920K), 2 survivors (8192K)
 Metaspace       used 107909K, committed 110336K, reserved 1179648K
  class space    used 15396K, committed 16576K, reserved 1048576K
}
Event: 62.756 GC heap after
{Heap after GC invocations=44 (full 0):
 garbage-first heap   total 221184K, used 131528K [0x0000000600000000, 0x0000000800000000)
  region size 4096K, 3 young (12288K), 3 survivors (12288K)
 Metaspace       used 107909K, committed 110336K, reserved 1179648K
  class space    used 15396K, committed 16576K, reserved 1048576K
}
Event: 63.471 GC heap before
{Heap before GC invocations=44 (full 0):
 garbage-first heap   total 221184K, used 197064K [0x0000000600000000, 0x0000000800000000)
  region size 4096K, 20 young (81920K), 3 survivors (12288K)
 Metaspace       used 107910K, committed 110336K, reserved 1179648K
  class space    used 15396K, committed 16576K, reserved 1048576K
}
Event: 63.480 GC heap after
{Heap after GC invocations=45 (full 0):
 garbage-first heap   total 221184K, used 133707K [0x0000000600000000, 0x0000000800000000)
  region size 4096K, 2 young (8192K), 2 survivors (8192K)
 Metaspace       used 107910K, committed 110336K, reserved 1179648K
  class space    used 15396K, committed 16576K, reserved 1048576K
}
Event: 64.775 GC heap before
{Heap before GC invocations=46 (full 0):
 garbage-first heap   total 233472K, used 195147K [0x0000000600000000, 0x0000000800000000)
  region size 4096K, 18 young (73728K), 2 survivors (8192K)
 Metaspace       used 109744K, committed 112192K, reserved 1179648K
  class space    used 15624K, committed 16832K, reserved 1048576K
}
Event: 64.785 GC heap after
{Heap after GC invocations=47 (full 0):
 garbage-first heap   total 233472K, used 146355K [0x0000000600000000, 0x0000000800000000)
  region size 4096K, 3 young (12288K), 3 survivors (12288K)
 Metaspace       used 109744K, committed 112192K, reserved 1179648K
  class space    used 15624K, committed 16832K, reserved 1048576K
}
Event: 67.896 GC heap before
{Heap before GC invocations=47 (full 0):
 garbage-first heap   total 233472K, used 203699K [0x0000000600000000, 0x0000000800000000)
  region size 4096K, 18 young (73728K), 3 survivors (12288K)
 Metaspace       used 111226K, committed 113728K, reserved 1179648K
  class space    used 15858K, committed 17088K, reserved 1048576K
}
Event: 67.909 GC heap after
{Heap after GC invocations=48 (full 0):
 garbage-first heap   total 237568K, used 155025K [0x0000000600000000, 0x0000000800000000)
  region size 4096K, 3 young (12288K), 3 survivors (12288K)
 Metaspace       used 111226K, committed 113728K, reserved 1179648K
  class space    used 15858K, committed 17088K, reserved 1048576K
}
Event: 68.623 GC heap before
{Heap before GC invocations=48 (full 0):
 garbage-first heap   total 237568K, used 204177K [0x0000000600000000, 0x0000000800000000)
  region size 4096K, 16 young (65536K), 3 survivors (12288K)
 Metaspace       used 111230K, committed 113728K, reserved 1179648K
  class space    used 15858K, committed 17088K, reserved 1048576K
}
Event: 68.631 GC heap after
{Heap after GC invocations=49 (full 0):
 garbage-first heap   total 237568K, used 158375K [0x0000000600000000, 0x0000000800000000)
  region size 4096K, 1 young (4096K), 1 survivors (4096K)
 Metaspace       used 111230K, committed 113728K, reserved 1179648K
  class space    used 15858K, committed 17088K, reserved 1048576K
}
Event: 69.560 GC heap before
{Heap before GC invocations=50 (full 0):
 garbage-first heap   total 266240K, used 215719K [0x0000000600000000, 0x0000000800000000)
  region size 4096K, 15 young (61440K), 1 survivors (4096K)
 Metaspace       used 111233K, committed 113728K, reserved 1179648K
  class space    used 15858K, committed 17088K, reserved 1048576K
}
Event: 69.564 GC heap after
{Heap after GC invocations=51 (full 0):
 garbage-first heap   total 266240K, used 158844K [0x0000000600000000, 0x0000000800000000)
  region size 4096K, 2 young (8192K), 2 survivors (8192K)
 Metaspace       used 111233K, committed 113728K, reserved 1179648K
  class space    used 15858K, committed 17088K, reserved 1048576K
}
Event: 72.224 GC heap before
{Heap before GC invocations=51 (full 0):
 garbage-first heap   total 266240K, used 240764K [0x0000000600000000, 0x0000000800000000)
  region size 4096K, 22 young (90112K), 2 survivors (8192K)
 Metaspace       used 111510K, committed 113984K, reserved 1179648K
  class space    used 15886K, committed 17088K, reserved 1048576K
}
Event: 72.235 GC heap after
{Heap after GC invocations=52 (full 0):
 garbage-first heap   total 274432K, used 173947K [0x0000000600000000, 0x0000000800000000)
  region size 4096K, 3 young (12288K), 3 survivors (12288K)
 Metaspace       used 111510K, committed 113984K, reserved 1179648K
  class space    used 15886K, committed 17088K, reserved 1048576K
}
Event: 75.606 GC heap before
{Heap before GC invocations=52 (full 0):
 garbage-first heap   total 274432K, used 243579K [0x0000000600000000, 0x0000000800000000)
  region size 4096K, 20 young (81920K), 3 survivors (12288K)
 Metaspace       used 111557K, committed 114048K, reserved 1179648K
  class space    used 15886K, committed 17088K, reserved 1048576K
}
Event: 75.616 GC heap after
{Heap after GC invocations=53 (full 0):
 garbage-first heap   total 274432K, used 179926K [0x0000000600000000, 0x0000000800000000)
  region size 4096K, 2 young (8192K), 2 survivors (8192K)
 Metaspace       used 111557K, committed 114048K, reserved 1179648K
  class space    used 15886K, committed 17088K, reserved 1048576K
}

